[debug] [2024-03-06T19:26:24.583Z] ----------------------------------------------------------------------
[debug] [2024-03-06T19:26:24.585Z] Command:       /opt/homebrew/Cellar/node/21.6.2_1/bin/node /opt/homebrew/bin/firebase init
[debug] [2024-03-06T19:26:24.585Z] CLI Version:   13.4.0
[debug] [2024-03-06T19:26:24.585Z] Platform:      darwin
[debug] [2024-03-06T19:26:24.586Z] Node Version:  v21.6.2
[debug] [2024-03-06T19:26:24.586Z] Time:          Thu Mar 07 2024 02:26:24 GMT+0700 (Indochina Time)
[debug] [2024-03-06T19:26:24.586Z] ----------------------------------------------------------------------
[debug] 
[debug] [2024-03-06T19:26:24.588Z] >>> [apiv2][query] GET https://firebase-public.firebaseio.com/cli.json [none]
[debug] [2024-03-06T19:26:24.613Z] > command requires scopes: ["email","openid","https://www.googleapis.com/auth/cloudplatformprojects.readonly","https://www.googleapis.com/auth/firebase","https://www.googleapis.com/auth/cloud-platform"]
[debug] [2024-03-06T19:26:24.613Z] > authorizing via signed-in user (areeyasuwnth@gmail.com)
[info] 
     ######## #### ########  ######## ########     ###     ######  ########
     ##        ##  ##     ## ##       ##     ##  ##   ##  ##       ##
     ######    ##  ########  ######   ########  #########  ######  ######
     ##        ##  ##    ##  ##       ##     ## ##     ##       ## ##
     ##       #### ##     ## ######## ########  ##     ##  ######  ########

You're about to initialize a Firebase project in this directory:

  /Users/ms/Desktop/MS_year3/deDebt_frontend

[debug] [2024-03-06T19:26:25.277Z] <<< [apiv2][status] GET https://firebase-public.firebaseio.com/cli.json 200
[debug] [2024-03-06T19:26:25.277Z] <<< [apiv2][body] GET https://firebase-public.firebaseio.com/cli.json {"cloudBuildErrorAfter":1594252800000,"cloudBuildWarnAfter":1590019200000,"defaultNode10After":1594252800000,"minVersion":"3.0.5","node8DeploysDisabledAfter":1613390400000,"node8RuntimeDisabledAfter":1615809600000,"node8WarnAfter":1600128000000}
